[2025-04-23 15:42:32] [unknown source]
here
[2025-04-23 15:42:45] [unknown source]
here
[2025-04-23 15:43:04] [Service.kt:130 -> fetchToilets()]
[]
[2025-04-23 15:43:04] [Service.kt:133 -> fetchToilets()]
[]
[2025-04-23 15:43:25] [unknown source]
here
[2025-04-23 15:43:26] [Service.kt:130 -> fetchToilets()]
[]
[2025-04-23 15:43:26] [Service.kt:133 -> fetchToilets()]
[]
[2025-04-23 15:43:43] [unknown source]
true
[2025-04-23 15:43:44] [unknown source]
here kommt userobject line 160
[2025-04-23 15:43:44] [unknown source]
User(id=10, email=familieirinyi@gmail.com, passwordHash=, authProvider=ENUM_GOOGLE, name=Renata Irinyi, imgUrl=https://lh3.googleusercontent.com/a/ACg8ocLLzjnPS0X8lOFIvJzdnbfVEm6EgS7eKu9LRYszxxett4uf1yE=s96-c, img=[])
